<?xml version="1.0" encoding="UTF-8"?>
<!-- Generated by org.testng.reporters.JUnitReportReporter -->
<testsuite hostname="Roberts-MacBook-Pro.local" failures="0" tests="1" name="HillelAutomation.AppTest" time="6.892" errors="0" timestamp="15 Feb 2018 18:49:58 GMT" skipped="0">
  <testcase classname="HillelAutomation.AppTest" name="generateNumber" time="6.892"/>
</testsuite> <!-- HillelAutomation.AppTest -->
